146375796940997120
252201648414605312
1264530748103327750
18031991769292800
1163063683618710926
36055254025904128
1130300101099520
72075190527598600
432910783002708000
144150655918147600
1268906230546504
1297037800785315844
9693438615350452226
288248522455781384
281895917207552
72077387398947072
292980404166660160
9811232562360614944
5188184223080644936
1449103617574576128
5189281475324936448
2305983815440401536
2882312730500423713
216313691409223680
720623289189302272
2342012578081538176
4690142044160
562958543669296
352945649485832
4612249110183412224
72076844098723840
90353476122461440
2412466495819917
18014948269522976
40532714545750408
1468178426866172049
1193453935615025312
5948359013597202
9241810881245888520
145532459117727744
81223140216143872
162148278417293325
3097332862484738
1308436979062407680
146454991908111392
18089165603225880
11610426216167244161
72567834558897
22676602857328640
43101442071969794
40539002711318792
1189105337062670337
2306727154136121376
35195110555776
9225641703866777856
5188481026562785290
288375511694991360
4512397870760064
4539883670552848
90162101223552
5190400907547837441
141854181036040
564186937590336
73465527267295300
1128238520738816
10196255384503584390
1153486722372239616
175990584131584
5633914769113138
648870602395881728
2568597143027840
141046734393344
2306987601097392192
91338664327513088
18296981588869216
9368613434142302224
1155193234142627840
4629707048433487941
2537709746978880
141015084172289
4657850149064672260
180144260509745152
2307043747919038465
18015501250789408
144678242249869314
72075186760876160
2306971391745851520
38353164735479840
576504801823555856
299493773400899712
288529512038418816
9512165380945215560
10379688835817933057
2472496055490183169
4612249801772245122
578713174891692068
2450248777631058049
4719653679014144
36601095103447040
504719827279022656
144680341419393280
10168284678258944
684692306880372800
45390039690027520
40532465399498761
306249172841955456
2307004102116245504
164662878556128000
18313547328061512
4629771919857550336
621501164076158990
11529356075690955264
90168560468224
1155196132173840385
1416317139814656
4521742659854858
1271318918202432
9223935540995309586
1450190141890009120
1152957788759002377
946214969480463365
9223653795433549861
9241461906664857856
281509370265601
3458782114632958976
4514625077379204
146376368112288256
4504153814518790
